0 info it worked if it ends with ok
1 verbose cli [ 'node', '/usr/local/bin/npm', 'install', '-g', 'node-png' ]
2 info using npm@1.1.61
3 info using node@v0.8.9
4 verbose read json /usr/local/lib/package.json
5 verbose read json /usr/local/lib/package.json
6 verbose cache add [ 'node-png', null ]
7 silly cache add name=undefined spec="node-png" args=["node-png",null]
8 verbose parsed url { pathname: 'node-png', path: 'node-png', href: 'node-png' }
9 silly lockFile b0ff0c62-node-png node-png
10 verbose lock node-png /Users/mitchellanderson/.npm/b0ff0c62-node-png.lock
11 silly lockFile b0ff0c62-node-png node-png
12 verbose addNamed [ 'node-png', '' ]
13 verbose addNamed [ null, '' ]
14 silly lockFile c9e290c3-node-png node-png@
15 verbose lock node-png@ /Users/mitchellanderson/.npm/c9e290c3-node-png.lock
16 silly addNameRange { name: 'node-png', range: '', hasData: false }
17 verbose url raw node-png
18 verbose url resolving [ 'https://registry.npmjs.org/', './node-png' ]
19 verbose url resolved https://registry.npmjs.org/node-png
20 info trying registry request attempt 1 at 17:30:37
21 http GET https://registry.npmjs.org/node-png
22 http 404 https://registry.npmjs.org/node-png
23 silly registry.get cb [ 404,
23 silly registry.get   { server: 'CouchDB/1.2.0 (Erlang OTP/R15B)',
23 silly registry.get     date: 'Tue, 18 Sep 2012 22:30:38 GMT',
23 silly registry.get     'content-type': 'application/json',
23 silly registry.get     'content-length': '52',
23 silly registry.get     'cache-control': 'must-revalidate' } ]
24 silly lockFile c9e290c3-node-png node-png@
25 error 404 'node-png' is not in the npm registry.
25 error 404 You should bug the author to publish it
25 error 404
25 error 404 Maybe try 'npm search png'
25 error 404
25 error 404 Note that you can also install from a
25 error 404 tarball, folder, or http url, or git url.
26 error System Darwin 11.4.0
27 error command "node" "/usr/local/bin/npm" "install" "-g" "node-png"
28 error cwd /Users/mitchellanderson/Library/Application Support/Sublime Text 2/Packages/VintageLines
29 error node -v v0.8.9
30 error npm -v 1.1.61
31 error code E404
32 verbose exit [ 1, true ]
